<?xml version="1.0" encoding="UTF-8"?>
<testsuite xmlns:xsi="http://www.w3.org/2001/XMLSchema-instance" xsi:noNamespaceSchemaLocation="https://maven.apache.org/surefire/maven-surefire-plugin/xsd/surefire-test-report-3.0.xsd" version="3.0" name="com.zubeyde.auto.IntegrationTest.StationIntegrationTest" time="0.774" tests="3" errors="0" skipped="0" failures="0">
  <properties>
[...]
</properties>
  <testcase name="testUpdateStation_WhenStationNotFound_ShouldReturnProblemDetail" classname="com.zubeyde.auto.IntegrationTest.StationIntegrationTest" time="0.115">
    <system-out><![CDATA[2025-12-21T20:35:01.566+03:00  INFO 11176 --- [auto] [           main] t.c.s.AnnotationConfigContextLoaderUtils : Could not detect default configuration classes for test class [com.zubeyde.auto.IntegrationTest.StationIntegrationTest]: StationIntegrationTest does not declare any static, non-private, non-final, nested classes annotated with @Configuration.
2025-12-21T20:35:01.596+03:00  INFO 11176 --- [auto] [           main] .b.t.c.SpringBootTestContextBootstrapper : Found @SpringBootConfiguration com.zubeyde.auto.AutoApplication for test class com.zubeyde.auto.IntegrationTest.StationIntegrationTest

  .   ____          _            __ _ _
 /\\ / ___'_ __ _ _(_)_ __  __ _ \ \ \ \
( ( )\___ | '_ | '_| | '_ \/ _` | \ \ \ \
 \\/  ___)| |_)| | | | | || (_| |  ) ) ) )
  '  |____| .__|_| |_|_| |_\__, | / / / /
 =========|_|==============|___/=/_/_/_/
 :: Spring Boot ::                (v3.2.1)

2025-12-21T20:35:01.670+03:00  INFO 11176 --- [auto] [           main] c.z.a.I.StationIntegrationTest           : Starting StationIntegrationTest using Java 17.0.12 with PID 11176 (started by zub in /Users/zub/Desktop/auto)
2025-12-21T20:35:01.670+03:00  INFO 11176 --- [auto] [           main] c.z.a.I.StationIntegrationTest           : No active profile set, falling back to 1 default profile: "default"
2025-12-21T20:35:02.129+03:00  INFO 11176 --- [auto] [           main] o.s.b.t.m.w.SpringBootMockServletContext : Initializing Spring TestDispatcherServlet ''
2025-12-21T20:35:02.130+03:00  INFO 11176 --- [auto] [           main] o.s.t.web.servlet.TestDispatcherServlet  : Initializing Servlet ''
2025-12-21T20:35:02.131+03:00  INFO 11176 --- [auto] [           main] o.s.t.web.servlet.TestDispatcherServlet  : Completed initialization in 1 ms
2025-12-21T20:35:02.140+03:00  INFO 11176 --- [auto] [           main] c.z.a.I.StationIntegrationTest           : Started StationIntegrationTest in 0.534 seconds (process running for 19.197)

MockHttpServletRequest:
      HTTP Method = PUT
      Request URI = /api/stations
       Parameters = {}
          Headers = [Content-Type:"application/json;charset=UTF-8", Content-Length:"118"]
             Body = {"id":99,"stationCode":null,"exclusiveBrand":{"id":null,"name":"honda","originCountry":null},"capacity":5,"open":true}
    Session Attrs = {}

Handler:
             Type = com.zubeyde.auto.controller.StationController
           Method = com.zubeyde.auto.controller.StationController#updateStation(Station)

Async:
    Async started = false
     Async result = null

Resolved Exception:
             Type = java.lang.RuntimeException

ModelAndView:
        View name = null
             View = null
            Model = null

FlashMap:
       Attributes = null

MockHttpServletResponse:
           Status = 400
    Error message = null
          Headers = [Content-Type:"application/problem+json"]
     Content type = application/problem+json
             Body = {"type":"about:blank","title":"Beklenmeyen ÃalÄ±Åma ZamanÄ± HatasÄ±","status":400,"detail":"Ä°stasyon bulunamadÄ±!","instance":"/api/stations","path":"uri=/api/stations"}
    Forwarded URL = null
   Redirected URL = null
          Cookies = []
]]></system-out>
  </testcase>
  <testcase name="testgetAllStations" classname="com.zubeyde.auto.IntegrationTest.StationIntegrationTest" time="0.031"/>
  <testcase name="testUpdateStations" classname="com.zubeyde.auto.IntegrationTest.StationIntegrationTest" time="0.013"/>
</testsuite>